\BOOKMARK [0][-]{chapter*.2}{\376\377\000A\000b\000s\000t\000r\000a\000c\000t}{}% 1
\BOOKMARK [0][-]{chapter.1}{\376\377\000I\000n\000t\000r\000o\000d\000u\000c\000t\000i\000o\000n}{}% 2
\BOOKMARK [1][-]{section.1.1}{\376\377\000O\000b\000j\000e\000c\000t\000i\000v\000e\000\040\000a\000n\000d\000\040\000s\000c\000o\000p\000e\000\040\000o\000f\000\040\000t\000h\000e\000\040\000t\000h\000e\000s\000i\000s}{chapter.1}% 3
\BOOKMARK [1][-]{section.1.2}{\376\377\000C\000o\000n\000t\000e\000n\000t\000\040\000o\000u\000t\000l\000i\000n\000e}{chapter.1}% 4
\BOOKMARK [0][-]{chapter.2}{\376\377\000P\000r\000o\000b\000l\000e\000m\000\040\000a\000n\000a\000l\000y\000s\000i\000s}{}% 5
\BOOKMARK [1][-]{section.2.1}{\376\377\000V\000e\000h\000i\000c\000l\000e\000\040\000R\000o\000u\000t\000i\000n\000g\000\040\000P\000r\000o\000b\000l\000e\000m}{chapter.2}% 6
\BOOKMARK [1][-]{section.2.2}{\376\377\000V\000e\000h\000i\000c\000l\000e\000\040\000R\000o\000u\000t\000i\000n\000g\000\040\000P\000r\000o\000b\000l\000e\000m\000\040\000w\000i\000t\000h\000\040\000T\000i\000m\000e\000\040\000W\000i\000n\000d\000o\000w\000s}{chapter.2}% 7
\BOOKMARK [1][-]{section.2.3}{\376\377\000S\000o\000l\000u\000t\000i\000o\000n\000\040\000a\000p\000p\000r\000o\000a\000c\000h\000e\000s}{chapter.2}% 8
\BOOKMARK [2][-]{subsection.2.3.1}{\376\377\000E\000x\000a\000c\000t\000\040\000m\000e\000t\000h\000o\000d\000s}{section.2.3}% 9
\BOOKMARK [2][-]{subsection.2.3.2}{\376\377\000H\000e\000u\000r\000i\000s\000t\000i\000c\000s}{section.2.3}% 10
\BOOKMARK [2][-]{subsection.2.3.3}{\376\377\000P\000u\000s\000h\000\040\000f\000o\000r\000w\000a\000r\000d\000\040\000i\000n\000s\000e\000r\000t\000i\000o\000n\000\040\000h\000e\000u\000r\000i\000s\000t\000i\000c}{section.2.3}% 11
\BOOKMARK [2][-]{subsection.2.3.4}{\376\377\000L\000o\000c\000a\000l\000\040\000s\000e\000a\000r\000c\000h\000\040\000w\000i\000t\000h\000\040\000\040\000i\000n\000t\000e\000r\000c\000h\000a\000n\000g\000e}{section.2.3}% 12
\BOOKMARK [0][-]{chapter.3}{\376\377\000R\000e\000q\000u\000i\000r\000e\000m\000e\000n\000t\000s\000\040\000a\000n\000d\000\040\000t\000o\000o\000l\000s}{}% 13
\BOOKMARK [0][-]{chapter.4}{\376\377\000E\000x\000t\000e\000r\000n\000a\000l\000\040\000s\000p\000e\000c\000i\000f\000i\000c\000a\000t\000i\000o\000n}{}% 14
\BOOKMARK [0][-]{chapter.5}{\376\377\000I\000n\000t\000e\000r\000n\000a\000l\000\040\000s\000p\000e\000c\000i\000f\000i\000c\000a\000t\000i\000o\000n}{}% 15
\BOOKMARK [0][-]{chapter.6}{\376\377\000V\000e\000r\000i\000f\000i\000c\000a\000t\000i\000o\000n\000\040\000a\000n\000d\000\040\000v\000a\000l\000i\000d\000a\000t\000i\000o\000n}{}% 16
\BOOKMARK [0][-]{chapter.7}{\376\377\000C\000o\000n\000c\000l\000u\000s\000i\000o\000n\000s}{}% 17
\BOOKMARK [0][-]{table.7.1}{\376\377\000B\000i\000b\000l\000i\000o\000g\000r\000a\000p\000h\000y}{}% 18
\BOOKMARK [0][-]{appendix*.24}{\376\377\000I\000n\000d\000e\000x\000\040\000o\000f\000\040\000a\000b\000b\000r\000e\000v\000i\000a\000t\000i\000o\000n\000s\000\040\000a\000n\000d\000\040\000s\000y\000m\000b\000o\000l\000s}{}% 19
\BOOKMARK [0][-]{appendix*.25}{\376\377\000L\000i\000s\000t\000i\000n\000g\000s}{}% 20
\BOOKMARK [0][-]{appendix*.26}{\376\377\000L\000i\000s\000t\000\040\000o\000f\000\040\000a\000d\000d\000i\000t\000i\000o\000n\000a\000l\000\040\000f\000i\000l\000e\000s\000\040\000i\000n\000\040\000e\000l\000e\000c\000t\000r\000o\000n\000i\000c\000\040\000s\000u\000b\000m\000i\000s\000s\000i\000o\000n\000\040\000\050\000i\000f\000\040\000a\000p\000p\000l\000i\000c\000a\000b\000l\000e\000\051}{}% 21
\BOOKMARK [0][-]{appendix*.27}{\376\377\000L\000i\000s\000t\000\040\000o\000f\000\040\000f\000i\000g\000u\000r\000e\000s}{}% 22
\BOOKMARK [0][-]{appendix*.28}{\376\377\000L\000i\000s\000t\000\040\000o\000f\000\040\000t\000a\000b\000l\000e\000s}{}% 23
